<?xml version="1.0" encoding="UTF-8"?>
<!-- Generated by org.testng.reporters.JUnitXMLReporter -->
<testsuite ignored="0" hostname="LAPTOP-PCCUKN8F" failures="1" tests="3" name="Test" time="23.904" errors="0" timestamp="2023-06-17T20:09:29 CDT">
  <testcase classname="com.automation.tests.AutomationScripts" name="check_Remember_Me_03" time="6.946">
    <failure type="java.lang.NullPointerException" message="Cannot invoke &amp;quot;org.openqa.selenium.support.ui.WebDriverWait.until(java.util.function.Function)&amp;quot; because &amp;quot;this.wait&amp;quot; is null">
      <![CDATA[java.lang.NullPointerException: Cannot invoke "org.openqa.selenium.support.ui.WebDriverWait.until(java.util.function.Function)" because "this.wait" is null
at com.automation.page.HomePage.waitForMenuToBeClickable(HomePage.java:27)
at com.automation.tests.AutomationScripts.check_Remember_Me_03(AutomationScripts.java:89)
at java.base/java.util.ArrayList.forEach(ArrayList.java:1511)
... Removed 27 stack frames]]>
    </failure>
  </testcase> <!-- check_Remember_Me_03 -->
  <testcase classname="com.automation.tests.AutomationScripts" name="login_Error_Message_1" time="1.71"/>
  <testcase classname="com.automation.tests.AutomationScripts" name="login_Success_2" time="5.683"/>
</testsuite> <!-- Test -->
